TN:
SF:samples/api/service.ts
FN:8,UserService
FN:10,getAll
FN:14,createUser
FN:31,getOne
FNF:4
FNH:2
FNDA:3,UserService
FNDA:0,getAll
FNDA:3,createUser
FNDA:0,getOne
DA:1,1
DA:2,1
DA:3,1
DA:4,1
DA:5,1
DA:6,1
DA:7,1
DA:8,1
DA:9,1
DA:10,1
DA:11,0
DA:12,0
DA:13,1
DA:14,1
DA:15,3
DA:16,0
DA:17,0
DA:18,3
DA:19,3
DA:20,1
DA:21,1
DA:22,2
DA:23,2
DA:24,2
DA:25,3
DA:26,1
DA:27,1
DA:28,1
DA:29,3
DA:30,1
DA:31,1
DA:32,0
DA:33,0
DA:34,1
LF:34
LH:28
BRDA:8,0,0,3
BRDA:14,1,0,3
BRDA:15,2,0,0
BRDA:19,3,0,1
BRDA:22,4,0,2
BRDA:25,5,0,1
BRF:6
BRH:5
end_of_record
TN:
SF:samples/api/types.ts
FNF:0
FNH:0
DA:1,1
DA:2,1
DA:3,1
DA:4,1
DA:5,1
DA:6,1
DA:7,1
DA:8,1
DA:9,1
DA:10,1
DA:11,1
DA:12,1
DA:13,1
DA:14,1
DA:15,1
DA:16,1
DA:17,1
DA:18,1
DA:19,1
DA:20,1
DA:21,1
DA:22,1
DA:23,1
DA:24,1
DA:25,1
DA:26,1
DA:27,1
DA:28,1
DA:29,1
DA:30,1
DA:31,1
DA:32,1
LF:32
LH:32
BRF:0
BRH:0
end_of_record
TN:
SF:samples/api/error/domain_error.ts
FNF:0
FNH:0
DA:1,1
LF:1
LH:1
BRF:0
BRH:0
end_of_record
